[2021-12-28T16:18:14.294] [INFO] [00-00-Users-DS-Create.json] - dataFile :: data\00-00-Users-DS-Create.json
[2021-12-28T16:18:15.176] [INFO] [00-00-Users-DS-Create.json] - Title: Login
[2021-12-28T16:18:15.177] [INFO] [00-00-Users-DS-Create.json] - Request METHOD :: POST
[2021-12-28T16:18:15.177] [INFO] [00-00-Users-DS-Create.json] - Request URL :: https://qa.ds.appveen.com/api/a/rbac/login
[2021-12-28T16:18:15.177] [INFO] [00-00-Users-DS-Create.json] - Request HEADERS :: {}
[2021-12-28T16:18:15.177] [INFO] [00-00-Users-DS-Create.json] - Request BODY :: {"username":"test_appadmin@appveen.com","password":"Test@123"}
[2021-12-28T16:18:17.193] [INFO] [00-00-Users-DS-Create.json] - Title: Create user test_ds_all_blocked@appveen.com
[2021-12-28T16:18:17.193] [INFO] [00-00-Users-DS-Create.json] - Request METHOD :: POST
[2021-12-28T16:18:17.193] [INFO] [00-00-Users-DS-Create.json] - Request URL :: https://qa.ds.appveen.com/api/a/rbac/usr/app/TEST-API/create
[2021-12-28T16:18:17.194] [INFO] [00-00-Users-DS-Create.json] - Request HEADERS :: {"Authorization":"JWT undefined"}
[2021-12-28T16:18:17.194] [INFO] [00-00-Users-DS-Create.json] - Request BODY :: {"user":{"username":"test_ds_all_blocked@appveen.com","password":"Test@123","cpassword":"Test@123","isSuperAdmin":false,"basicDetails":{"name":"test_ds_all_blocked@appveen.com"},"roles":null}}
[2021-12-28T16:18:19.209] [INFO] [00-00-Users-DS-Create.json] - Title: Create user test_ds_basic_view@appveen.com
[2021-12-28T16:18:19.209] [INFO] [00-00-Users-DS-Create.json] - Request METHOD :: POST
[2021-12-28T16:18:19.209] [INFO] [00-00-Users-DS-Create.json] - Request URL :: https://qa.ds.appveen.com/api/a/rbac/usr/app/TEST-API/create
[2021-12-28T16:18:19.209] [INFO] [00-00-Users-DS-Create.json] - Request HEADERS :: {"Authorization":"JWT undefined"}
[2021-12-28T16:18:19.209] [INFO] [00-00-Users-DS-Create.json] - Request BODY :: {"user":{"username":"test_ds_basic_view@appveen.com","password":"Test@123","cpassword":"Test@123","isSuperAdmin":false,"basicDetails":{"name":"test_ds_basic_view@appveen.com"},"roles":null}}
[2021-12-28T16:18:21.216] [INFO] [00-00-Users-DS-Create.json] - Title: Create user test_ds_basic_manage@appveen.com
[2021-12-28T16:18:21.216] [INFO] [00-00-Users-DS-Create.json] - Request METHOD :: POST
[2021-12-28T16:18:21.217] [INFO] [00-00-Users-DS-Create.json] - Request URL :: https://qa.ds.appveen.com/api/a/rbac/usr/app/TEST-API/create
[2021-12-28T16:18:21.217] [INFO] [00-00-Users-DS-Create.json] - Request HEADERS :: {"Authorization":"JWT undefined"}
[2021-12-28T16:18:21.217] [INFO] [00-00-Users-DS-Create.json] - Request BODY :: {"user":{"username":"test_ds_basic_manage@appveen.com","password":"Test@123","cpassword":"Test@123","isSuperAdmin":false,"basicDetails":{"name":"test_ds_basic_manage@appveen.com"},"roles":null}}
[2021-12-28T16:18:23.109] [INFO] [00-00-Users-DS-Create.json] - ERROR Response STATUS :: 500
[2021-12-28T16:18:23.109] [INFO] [00-00-Users-DS-Create.json] - ERROR Response HEADERS :: undefined
[2021-12-28T16:18:23.109] [INFO] [00-00-Users-DS-Create.json] - ERROR Response BODY :: undefined
[2021-12-28T16:18:23.109] [ERROR] [00-00-Users-DS-Create.json] - 500 - {"message":"jwt malformed"}
[2021-12-28T16:18:23.113] [INFO] [00-00-Users-DS-Create.json] - ERROR Response STATUS :: 500
[2021-12-28T16:18:23.113] [INFO] [00-00-Users-DS-Create.json] - ERROR Response HEADERS :: undefined
[2021-12-28T16:18:23.113] [INFO] [00-00-Users-DS-Create.json] - ERROR Response BODY :: undefined
[2021-12-28T16:18:23.113] [ERROR] [00-00-Users-DS-Create.json] - 500 - {"message":"jwt malformed"}
[2021-12-28T16:18:23.224] [INFO] [00-00-Users-DS-Create.json] - Title: Create user test_ds_deployment_manage@appveen.com
[2021-12-28T16:18:23.224] [INFO] [00-00-Users-DS-Create.json] - Request METHOD :: POST
[2021-12-28T16:18:23.224] [INFO] [00-00-Users-DS-Create.json] - Request URL :: https://qa.ds.appveen.com/api/a/rbac/usr/app/TEST-API/create
[2021-12-28T16:18:23.224] [INFO] [00-00-Users-DS-Create.json] - Request HEADERS :: {"Authorization":"JWT undefined"}
[2021-12-28T16:18:23.224] [INFO] [00-00-Users-DS-Create.json] - Request BODY :: {"user":{"username":"test_ds_deployment_manage@appveen.com","password":"Test@123","cpassword":"Test@123","isSuperAdmin":false,"basicDetails":{"name":"test_ds_deployment_manage@appveen.com"},"roles":null}}
[2021-12-28T16:18:23.269] [INFO] [00-00-Users-DS-Create.json] - ERROR Response STATUS :: 500
[2021-12-28T16:18:23.269] [INFO] [00-00-Users-DS-Create.json] - ERROR Response HEADERS :: undefined
[2021-12-28T16:18:23.269] [INFO] [00-00-Users-DS-Create.json] - ERROR Response BODY :: undefined
[2021-12-28T16:18:23.269] [ERROR] [00-00-Users-DS-Create.json] - 500 - {"message":"jwt malformed"}
[2021-12-28T16:18:23.271] [INFO] [00-00-Users-DS-Create.json] - ERROR Response STATUS :: 500
[2021-12-28T16:18:23.271] [INFO] [00-00-Users-DS-Create.json] - ERROR Response HEADERS :: undefined
[2021-12-28T16:18:23.271] [INFO] [00-00-Users-DS-Create.json] - ERROR Response BODY :: undefined
[2021-12-28T16:18:23.271] [ERROR] [00-00-Users-DS-Create.json] - 500 - {"message":"jwt malformed"}
[2021-12-28T16:18:25.231] [INFO] [00-00-Users-DS-Create.json] - Title: Create user test_ds_start_stop_manage@appveen.com
[2021-12-28T16:18:25.231] [INFO] [00-00-Users-DS-Create.json] - Request METHOD :: POST
[2021-12-28T16:18:25.231] [INFO] [00-00-Users-DS-Create.json] - Request URL :: https://qa.ds.appveen.com/api/a/rbac/usr/app/TEST-API/create
[2021-12-28T16:18:25.231] [INFO] [00-00-Users-DS-Create.json] - Request HEADERS :: {"Authorization":"JWT undefined"}
[2021-12-28T16:18:25.231] [INFO] [00-00-Users-DS-Create.json] - Request BODY :: {"user":{"username":"test_ds_start_stop_manage@appveen.com","password":"Test@123","cpassword":"Test@123","isSuperAdmin":false,"basicDetails":{"name":"test_ds_start_stop_manage@appveen.com"},"roles":null}}
[2021-12-28T16:18:25.267] [INFO] [00-00-Users-DS-Create.json] - ERROR Response STATUS :: 500
[2021-12-28T16:18:25.267] [INFO] [00-00-Users-DS-Create.json] - ERROR Response HEADERS :: undefined
[2021-12-28T16:18:25.267] [INFO] [00-00-Users-DS-Create.json] - ERROR Response BODY :: undefined
[2021-12-28T16:18:25.267] [ERROR] [00-00-Users-DS-Create.json] - 500 - {"message":"jwt malformed"}
[2021-12-28T16:18:27.238] [INFO] [00-00-Users-DS-Create.json] - Title: Create user test_ds_design_view@appveen.com
[2021-12-28T16:18:27.238] [INFO] [00-00-Users-DS-Create.json] - Request METHOD :: POST
[2021-12-28T16:18:27.238] [INFO] [00-00-Users-DS-Create.json] - Request URL :: https://qa.ds.appveen.com/api/a/rbac/usr/app/TEST-API/create
[2021-12-28T16:18:27.238] [INFO] [00-00-Users-DS-Create.json] - Request HEADERS :: {"Authorization":"JWT undefined"}
[2021-12-28T16:18:27.238] [INFO] [00-00-Users-DS-Create.json] - Request BODY :: {"user":{"username":"test_ds_design_view@appveen.com","password":"Test@123","cpassword":"Test@123","isSuperAdmin":false,"basicDetails":{"name":"test_ds_design_view@appveen.com"},"roles":null}}
[2021-12-28T16:18:27.272] [INFO] [00-00-Users-DS-Create.json] - ERROR Response STATUS :: 500
[2021-12-28T16:18:27.272] [INFO] [00-00-Users-DS-Create.json] - ERROR Response HEADERS :: undefined
[2021-12-28T16:18:27.272] [INFO] [00-00-Users-DS-Create.json] - ERROR Response BODY :: undefined
[2021-12-28T16:18:27.272] [ERROR] [00-00-Users-DS-Create.json] - 500 - {"message":"jwt malformed"}
[2021-12-28T16:18:27.868] [INFO] [00-00-Users-DS-Create.json] - Response STATUS :: 200
[2021-12-28T16:18:27.869] [INFO] [00-00-Users-DS-Create.json] - Response HEADER :: {"server":"nginx/1.14.0 (Ubuntu)","date":"Tue, 28 Dec 2021 10:49:27 GMT","content-type":"application/json; charset=utf-8","content-length":"2930","connection":"close","cache-control":"no-cache","content-security-policy ":"default-src * data: 'unsafe-eval' 'unsafe-inline'","etag":"W/\"b72-qUO4F8MmRH2q0yF0qrpVTlPoxr4\"","host":"qa.ds.appveen.com","set-cookie":["Authorization=JWT%20eyJhbGciOiJIUzI1NiIsInR5cCI6IkpXVCJ9.eyJfaWQiOiJ0ZXN0X2FwcGFkbWluQGFwcHZlZW4uY29tIiwiZW5hYmxlU2Vzc2lvblJlZnJlc2giOmZhbHNlLCJib3QiOmZhbHNlLCJrZXlJZCI6bnVsbCwiaXNTdXBlckFkbWluIjp0cnVlLCJhcHBzIjpbbnVsbCwiVEVTVC1BUEkiLCJURVNULUFQSSIsIlRFU1QtQVBJIiwiVEVTVC1BUEkiLCJURVNULUFQSSIsIlRFU1QtQVBJIiwiVEVTVC1BUEkiLCJURVNULUFQSSIsIlRFU1QtQVBJIiwiVEVTVC1BUEkiLCJURVNULUFQSSIsIlRFU1QtQVBJIiwiVEVTVC1BUEkiLCJURVNULUFQSSIsIlRFU1QtQVBJIiwiVEVTVC1BUEkiXSwiaWF0IjoxNjQwNjg4NTYzLCJleHAiOjE2NDA2ODkxNjN9.GH075d4GyZamdhRTM3PA9Q2j_-J0ODQ8t8YWeKqgXi8; Domain=qa.ds.appveen.com; Path=/api/; Expires=Tue, 28 Dec 2021 10:59:25 GMT; HttpOnly; Secure; SameSite=Strict"],"strict-transport-security":"max-age=31536000; includeSubDomains","txnid":"undefined","vary":"Accept-Encoding","x-content-type-option":"nosniff","x-frame-options":"*","x-powered-by":"data.stack/dev","x-xss-protection":"1; mode=block","access-control-allow-origin":"*","access-control-allow-methods":"*","access-control-allow-headers":"*"}
[2021-12-28T16:18:27.869] [INFO] [00-00-Users-DS-Create.json] - Response BODY :: {"basicDetails":{"name":"test_appadmin@appveen.com","phone":null},"isSuperAdmin":true,"enableSessionRefresh":false,"auth":{"authType":"local"},"bot":false,"_id":"test_appadmin@appveen.com","username":"test_appadmin@appveen.com","accessControl":{"accessLevel":"Selected","apps":["TEST-API",{"_id":"TEST-API","type":"Management"},{"_id":"TEST-API","type":"Management"},{"_id":"TEST-API","type":"Management"},{"_id":"TEST-API","type":"Management"},{"_id":"TEST-API","type":"Management"},{"_id":"TEST-API","type":"Management"},{"_id":"TEST-API","type":"Management"},{"_id":"TEST-API","type":"Management"},{"_id":"TEST-API","type":"Management"},{"_id":"TEST-API","type":"Management"},{"_id":"TEST-API","type":"Management"},{"_id":"TEST-API","type":"Management"},{"_id":"TEST-API","type":"Management"},{"_id":"TEST-API","type":"Management"},{"_id":"TEST-API","type":"Management"},{"_id":"TEST-API","type":"Management"}]},"group":[],"lastLogin":"2021-12-28T10:47:31.957Z","token":"eyJhbGciOiJIUzI1NiIsInR5cCI6IkpXVCJ9.eyJfaWQiOiJ0ZXN0X2FwcGFkbWluQGFwcHZlZW4uY29tIiwiZW5hYmxlU2Vzc2lvblJlZnJlc2giOmZhbHNlLCJib3QiOmZhbHNlLCJrZXlJZCI6bnVsbCwiaXNTdXBlckFkbWluIjp0cnVlLCJhcHBzIjpbbnVsbCwiVEVTVC1BUEkiLCJURVNULUFQSSIsIlRFU1QtQVBJIiwiVEVTVC1BUEkiLCJURVNULUFQSSIsIlRFU1QtQVBJIiwiVEVTVC1BUEkiLCJURVNULUFQSSIsIlRFU1QtQVBJIiwiVEVTVC1BUEkiLCJURVNULUFQSSIsIlRFU1QtQVBJIiwiVEVTVC1BUEkiLCJURVNULUFQSSIsIlRFU1QtQVBJIiwiVEVTVC1BUEkiXSwiaWF0IjoxNjQwNjg4NTYzLCJleHAiOjE2NDA2ODkxNjN9.GH075d4GyZamdhRTM3PA9Q2j_-J0ODQ8t8YWeKqgXi8","rToken":"eyJhbGciOiJIUzI1NiIsInR5cCI6IkpXVCJ9.eyJfaWQiOiJ0ZXN0X2FwcGFkbWluQGFwcHZlZW4uY29tIiwiZW5hYmxlU2Vzc2lvblJlZnJlc2giOmZhbHNlLCJib3QiOmZhbHNlLCJrZXlJZCI6bnVsbCwiaXNTdXBlckFkbWluIjp0cnVlLCJhcHBzIjpbbnVsbCwiVEVTVC1BUEkiLCJURVNULUFQSSIsIlRFU1QtQVBJIiwiVEVTVC1BUEkiLCJURVNULUFQSSIsIlRFU1QtQVBJIiwiVEVTVC1BUEkiLCJURVNULUFQSSIsIlRFU1QtQVBJIiwiVEVTVC1BUEkiLCJURVNULUFQSSIsIlRFU1QtQVBJIiwiVEVTVC1BUEkiLCJURVNULUFQSSIsIlRFU1QtQVBJIiwiVEVTVC1BUEkiXSwiaWF0IjoxNjQwNjg4NTYzLCJleHAiOjE2NDA2ODkxNjN9.rLeOFMDnzBirgeR8Jrex7Y2gBX99xguMeTMGWJU-fEc","serverTime":1640688565758,"expiresIn":1640689165758,"rbacUserTokenDuration":600,"rbacUserTokenRefresh":true,"rbacUserToSingleSession":false,"rbacUserCloseWindowToLogout":false,"rbacBotTokenDuration":60,"rbacHbInterval":60,"rbacPasswordLength":8,"rbacPasswordComplexity":false,"privateFilter":true,"googleApiKey":"AIzaSyCSthjVH89eA8LyCYoJzRePw5Km3CE6qO8","b2BAgentMaxFileSize":"400M","b2BFlowRejectZoneAction":"queue","b2BFlowMaxConcurrentFiles":0,"b2BEnableTimebound":false,"b2BEnableTrustedIp":false,"b2BEnable":true,"experimentalFeatures":true,"fqdn":"qa.ds.appveen.com","enableSearchIndex":false,"verifyDeploymentUser":false,"defaultTimezone":"Zulu","allowedFileExt":["jpeg","ppt","xls","csv","doc","jpg","png","gif","zip","tar","rar","gz","bz2","7z","mp4","mp3","pdf","ico","docx","pptx","xlsx","ods","xml","txt"],"transactionsEnabled":true,"uuid":"93279208-d299-46b8-97e7-ea03d9a10e15"}
[2021-12-28T16:18:27.993] [INFO] [00-00-Users-DS-Create.json] - Login :: PASS
[2021-12-28T16:18:29.243] [INFO] [00-00-Users-DS-Create.json] - Title: Create user test_ds_design_manage@appveen.com
[2021-12-28T16:18:29.244] [INFO] [00-00-Users-DS-Create.json] - Request METHOD :: POST
[2021-12-28T16:18:29.244] [INFO] [00-00-Users-DS-Create.json] - Request URL :: https://qa.ds.appveen.com/api/a/rbac/usr/app/TEST-API/create
[2021-12-28T16:18:29.244] [INFO] [00-00-Users-DS-Create.json] - Request HEADERS :: {"Authorization":"JWT eyJhbGciOiJIUzI1NiIsInR5cCI6IkpXVCJ9.eyJfaWQiOiJ0ZXN0X2FwcGFkbWluQGFwcHZlZW4uY29tIiwiZW5hYmxlU2Vzc2lvblJlZnJlc2giOmZhbHNlLCJib3QiOmZhbHNlLCJrZXlJZCI6bnVsbCwiaXNTdXBlckFkbWluIjp0cnVlLCJhcHBzIjpbbnVsbCwiVEVTVC1BUEkiLCJURVNULUFQSSIsIlRFU1QtQVBJIiwiVEVTVC1BUEkiLCJURVNULUFQSSIsIlRFU1QtQVBJIiwiVEVTVC1BUEkiLCJURVNULUFQSSIsIlRFU1QtQVBJIiwiVEVTVC1BUEkiLCJURVNULUFQSSIsIlRFU1QtQVBJIiwiVEVTVC1BUEkiLCJURVNULUFQSSIsIlRFU1QtQVBJIiwiVEVTVC1BUEkiXSwiaWF0IjoxNjQwNjg4NTYzLCJleHAiOjE2NDA2ODkxNjN9.GH075d4GyZamdhRTM3PA9Q2j_-J0ODQ8t8YWeKqgXi8"}
[2021-12-28T16:18:29.244] [INFO] [00-00-Users-DS-Create.json] - Request BODY :: {"user":{"username":"test_ds_design_manage@appveen.com","password":"Test@123","cpassword":"Test@123","isSuperAdmin":false,"basicDetails":{"name":"test_ds_design_manage@appveen.com"},"roles":null}}
[2021-12-28T16:18:31.250] [INFO] [00-00-Users-DS-Create.json] - Title: Create user test_ds_integration_view@appveen.com
[2021-12-28T16:18:31.250] [INFO] [00-00-Users-DS-Create.json] - Request METHOD :: POST
[2021-12-28T16:18:31.250] [INFO] [00-00-Users-DS-Create.json] - Request URL :: https://qa.ds.appveen.com/api/a/rbac/usr/app/TEST-API/create
[2021-12-28T16:18:31.250] [INFO] [00-00-Users-DS-Create.json] - Request HEADERS :: {"Authorization":"JWT eyJhbGciOiJIUzI1NiIsInR5cCI6IkpXVCJ9.eyJfaWQiOiJ0ZXN0X2FwcGFkbWluQGFwcHZlZW4uY29tIiwiZW5hYmxlU2Vzc2lvblJlZnJlc2giOmZhbHNlLCJib3QiOmZhbHNlLCJrZXlJZCI6bnVsbCwiaXNTdXBlckFkbWluIjp0cnVlLCJhcHBzIjpbbnVsbCwiVEVTVC1BUEkiLCJURVNULUFQSSIsIlRFU1QtQVBJIiwiVEVTVC1BUEkiLCJURVNULUFQSSIsIlRFU1QtQVBJIiwiVEVTVC1BUEkiLCJURVNULUFQSSIsIlRFU1QtQVBJIiwiVEVTVC1BUEkiLCJURVNULUFQSSIsIlRFU1QtQVBJIiwiVEVTVC1BUEkiLCJURVNULUFQSSIsIlRFU1QtQVBJIiwiVEVTVC1BUEkiXSwiaWF0IjoxNjQwNjg4NTYzLCJleHAiOjE2NDA2ODkxNjN9.GH075d4GyZamdhRTM3PA9Q2j_-J0ODQ8t8YWeKqgXi8"}
[2021-12-28T16:18:31.250] [INFO] [00-00-Users-DS-Create.json] - Request BODY :: {"user":{"username":"test_ds_integration_view@appveen.com","password":"Test@123","cpassword":"Test@123","isSuperAdmin":false,"basicDetails":{"name":"test_ds_integration_view@appveen.com"},"roles":null}}
[2021-12-28T16:18:33.257] [INFO] [00-00-Users-DS-Create.json] - Title: Create user test_ds_integration_manage@appveen.com
[2021-12-28T16:18:33.257] [INFO] [00-00-Users-DS-Create.json] - Request METHOD :: POST
[2021-12-28T16:18:33.257] [INFO] [00-00-Users-DS-Create.json] - Request URL :: https://qa.ds.appveen.com/api/a/rbac/usr/app/TEST-API/create
[2021-12-28T16:18:33.257] [INFO] [00-00-Users-DS-Create.json] - Request HEADERS :: {"Authorization":"JWT eyJhbGciOiJIUzI1NiIsInR5cCI6IkpXVCJ9.eyJfaWQiOiJ0ZXN0X2FwcGFkbWluQGFwcHZlZW4uY29tIiwiZW5hYmxlU2Vzc2lvblJlZnJlc2giOmZhbHNlLCJib3QiOmZhbHNlLCJrZXlJZCI6bnVsbCwiaXNTdXBlckFkbWluIjp0cnVlLCJhcHBzIjpbbnVsbCwiVEVTVC1BUEkiLCJURVNULUFQSSIsIlRFU1QtQVBJIiwiVEVTVC1BUEkiLCJURVNULUFQSSIsIlRFU1QtQVBJIiwiVEVTVC1BUEkiLCJURVNULUFQSSIsIlRFU1QtQVBJIiwiVEVTVC1BUEkiLCJURVNULUFQSSIsIlRFU1QtQVBJIiwiVEVTVC1BUEkiLCJURVNULUFQSSIsIlRFU1QtQVBJIiwiVEVTVC1BUEkiXSwiaWF0IjoxNjQwNjg4NTYzLCJleHAiOjE2NDA2ODkxNjN9.GH075d4GyZamdhRTM3PA9Q2j_-J0ODQ8t8YWeKqgXi8"}
[2021-12-28T16:18:33.257] [INFO] [00-00-Users-DS-Create.json] - Request BODY :: {"user":{"username":"test_ds_integration_manage@appveen.com","password":"Test@123","cpassword":"Test@123","isSuperAdmin":false,"basicDetails":{"name":"test_ds_integration_manage@appveen.com"},"roles":null}}
[2021-12-28T16:18:35.265] [INFO] [00-00-Users-DS-Create.json] - Title: Create user test_ds_experience_view@appveen.com
[2021-12-28T16:18:35.265] [INFO] [00-00-Users-DS-Create.json] - Request METHOD :: POST
[2021-12-28T16:18:35.265] [INFO] [00-00-Users-DS-Create.json] - Request URL :: https://qa.ds.appveen.com/api/a/rbac/usr/app/TEST-API/create
[2021-12-28T16:18:35.265] [INFO] [00-00-Users-DS-Create.json] - Request HEADERS :: {"Authorization":"JWT eyJhbGciOiJIUzI1NiIsInR5cCI6IkpXVCJ9.eyJfaWQiOiJ0ZXN0X2FwcGFkbWluQGFwcHZlZW4uY29tIiwiZW5hYmxlU2Vzc2lvblJlZnJlc2giOmZhbHNlLCJib3QiOmZhbHNlLCJrZXlJZCI6bnVsbCwiaXNTdXBlckFkbWluIjp0cnVlLCJhcHBzIjpbbnVsbCwiVEVTVC1BUEkiLCJURVNULUFQSSIsIlRFU1QtQVBJIiwiVEVTVC1BUEkiLCJURVNULUFQSSIsIlRFU1QtQVBJIiwiVEVTVC1BUEkiLCJURVNULUFQSSIsIlRFU1QtQVBJIiwiVEVTVC1BUEkiLCJURVNULUFQSSIsIlRFU1QtQVBJIiwiVEVTVC1BUEkiLCJURVNULUFQSSIsIlRFU1QtQVBJIiwiVEVTVC1BUEkiXSwiaWF0IjoxNjQwNjg4NTYzLCJleHAiOjE2NDA2ODkxNjN9.GH075d4GyZamdhRTM3PA9Q2j_-J0ODQ8t8YWeKqgXi8"}
[2021-12-28T16:18:35.265] [INFO] [00-00-Users-DS-Create.json] - Request BODY :: {"user":{"username":"test_ds_experience_view@appveen.com","password":"Test@123","cpassword":"Test@123","isSuperAdmin":false,"basicDetails":{"name":"test_ds_experience_view@appveen.com"},"roles":null}}
[2021-12-28T16:18:37.272] [INFO] [00-00-Users-DS-Create.json] - Title: Create user test_ds_experience_manage@appveen.com
[2021-12-28T16:18:37.272] [INFO] [00-00-Users-DS-Create.json] - Request METHOD :: POST
[2021-12-28T16:18:37.272] [INFO] [00-00-Users-DS-Create.json] - Request URL :: https://qa.ds.appveen.com/api/a/rbac/usr/app/TEST-API/create
[2021-12-28T16:18:37.272] [INFO] [00-00-Users-DS-Create.json] - Request HEADERS :: {"Authorization":"JWT eyJhbGciOiJIUzI1NiIsInR5cCI6IkpXVCJ9.eyJfaWQiOiJ0ZXN0X2FwcGFkbWluQGFwcHZlZW4uY29tIiwiZW5hYmxlU2Vzc2lvblJlZnJlc2giOmZhbHNlLCJib3QiOmZhbHNlLCJrZXlJZCI6bnVsbCwiaXNTdXBlckFkbWluIjp0cnVlLCJhcHBzIjpbbnVsbCwiVEVTVC1BUEkiLCJURVNULUFQSSIsIlRFU1QtQVBJIiwiVEVTVC1BUEkiLCJURVNULUFQSSIsIlRFU1QtQVBJIiwiVEVTVC1BUEkiLCJURVNULUFQSSIsIlRFU1QtQVBJIiwiVEVTVC1BUEkiLCJURVNULUFQSSIsIlRFU1QtQVBJIiwiVEVTVC1BUEkiLCJURVNULUFQSSIsIlRFU1QtQVBJIiwiVEVTVC1BUEkiXSwiaWF0IjoxNjQwNjg4NTYzLCJleHAiOjE2NDA2ODkxNjN9.GH075d4GyZamdhRTM3PA9Q2j_-J0ODQ8t8YWeKqgXi8"}
[2021-12-28T16:18:37.272] [INFO] [00-00-Users-DS-Create.json] - Request BODY :: {"user":{"username":"test_ds_experience_manage@appveen.com","password":"Test@123","cpassword":"Test@123","isSuperAdmin":false,"basicDetails":{"name":"test_ds_experience_manage@appveen.com"},"roles":null}}
[2021-12-28T16:18:39.278] [INFO] [00-00-Users-DS-Create.json] - Title: Create user test_ds_role_view@appveen.com
[2021-12-28T16:18:39.278] [INFO] [00-00-Users-DS-Create.json] - Request METHOD :: POST
[2021-12-28T16:18:39.278] [INFO] [00-00-Users-DS-Create.json] - Request URL :: https://qa.ds.appveen.com/api/a/rbac/usr/app/TEST-API/create
[2021-12-28T16:18:39.278] [INFO] [00-00-Users-DS-Create.json] - Request HEADERS :: {"Authorization":"JWT eyJhbGciOiJIUzI1NiIsInR5cCI6IkpXVCJ9.eyJfaWQiOiJ0ZXN0X2FwcGFkbWluQGFwcHZlZW4uY29tIiwiZW5hYmxlU2Vzc2lvblJlZnJlc2giOmZhbHNlLCJib3QiOmZhbHNlLCJrZXlJZCI6bnVsbCwiaXNTdXBlckFkbWluIjp0cnVlLCJhcHBzIjpbbnVsbCwiVEVTVC1BUEkiLCJURVNULUFQSSIsIlRFU1QtQVBJIiwiVEVTVC1BUEkiLCJURVNULUFQSSIsIlRFU1QtQVBJIiwiVEVTVC1BUEkiLCJURVNULUFQSSIsIlRFU1QtQVBJIiwiVEVTVC1BUEkiLCJURVNULUFQSSIsIlRFU1QtQVBJIiwiVEVTVC1BUEkiLCJURVNULUFQSSIsIlRFU1QtQVBJIiwiVEVTVC1BUEkiXSwiaWF0IjoxNjQwNjg4NTYzLCJleHAiOjE2NDA2ODkxNjN9.GH075d4GyZamdhRTM3PA9Q2j_-J0ODQ8t8YWeKqgXi8"}
[2021-12-28T16:18:39.278] [INFO] [00-00-Users-DS-Create.json] - Request BODY :: {"user":{"username":"test_ds_role_view@appveen.com","password":"Test@123","cpassword":"Test@123","isSuperAdmin":false,"basicDetails":{"name":"test_ds_role_view@appveen.com"},"roles":null}}
[2021-12-28T16:18:41.286] [INFO] [00-00-Users-DS-Create.json] - Title: Create user test_ds_role_manage@appveen.com
[2021-12-28T16:18:41.286] [INFO] [00-00-Users-DS-Create.json] - Request METHOD :: POST
[2021-12-28T16:18:41.286] [INFO] [00-00-Users-DS-Create.json] - Request URL :: https://qa.ds.appveen.com/api/a/rbac/usr/app/TEST-API/create
[2021-12-28T16:18:41.286] [INFO] [00-00-Users-DS-Create.json] - Request HEADERS :: {"Authorization":"JWT eyJhbGciOiJIUzI1NiIsInR5cCI6IkpXVCJ9.eyJfaWQiOiJ0ZXN0X2FwcGFkbWluQGFwcHZlZW4uY29tIiwiZW5hYmxlU2Vzc2lvblJlZnJlc2giOmZhbHNlLCJib3QiOmZhbHNlLCJrZXlJZCI6bnVsbCwiaXNTdXBlckFkbWluIjp0cnVlLCJhcHBzIjpbbnVsbCwiVEVTVC1BUEkiLCJURVNULUFQSSIsIlRFU1QtQVBJIiwiVEVTVC1BUEkiLCJURVNULUFQSSIsIlRFU1QtQVBJIiwiVEVTVC1BUEkiLCJURVNULUFQSSIsIlRFU1QtQVBJIiwiVEVTVC1BUEkiLCJURVNULUFQSSIsIlRFU1QtQVBJIiwiVEVTVC1BUEkiLCJURVNULUFQSSIsIlRFU1QtQVBJIiwiVEVTVC1BUEkiXSwiaWF0IjoxNjQwNjg4NTYzLCJleHAiOjE2NDA2ODkxNjN9.GH075d4GyZamdhRTM3PA9Q2j_-J0ODQ8t8YWeKqgXi8"}
[2021-12-28T16:18:41.286] [INFO] [00-00-Users-DS-Create.json] - Request BODY :: {"user":{"username":"test_ds_role_manage@appveen.com","password":"Test@123","cpassword":"Test@123","isSuperAdmin":false,"basicDetails":{"name":"test_ds_role_manage@appveen.com"},"roles":null}}
[2021-12-28T16:18:42.254] [INFO] [00-00-Users-DS-Create.json] - Response STATUS :: 200
[2021-12-28T16:18:42.254] [INFO] [00-00-Users-DS-Create.json] - Response HEADER :: {"server":"nginx/1.14.0 (Ubuntu)","date":"Tue, 28 Dec 2021 10:49:41 GMT","content-type":"application/json; charset=utf-8","content-length":"576","connection":"close","cache-control":"no-cache","content-security-policy ":"default-src * data: 'unsafe-eval' 'unsafe-inline'","etag":"W/\"240-kiAGGJqGyrp8JbzO5QnzDJ+DNk8\"","host":"qa.ds.appveen.com","strict-transport-security":"max-age=31536000; includeSubDomains","txnid":"undefined","vary":"Accept-Encoding","x-content-type-option":"nosniff","x-frame-options":"*","x-powered-by":"data.stack/dev","x-xss-protection":"1; mode=block","access-control-allow-origin":"*","access-control-allow-methods":"*","access-control-allow-headers":"*"}
[2021-12-28T16:18:42.254] [INFO] [00-00-Users-DS-Create.json] - Response BODY :: {"user":{"_metadata":{"version":{"document":1,"release":"1.1.2"},"deleted":false,"lastUpdated":"2021-12-28T10:49:40.973Z","createdAt":"2021-12-28T10:49:38.534Z"},"isActive":true,"isSuperAdmin":false,"enableSessionRefresh":false,"auth":{"authType":"local"},"bot":false,"username":"test_ds_role_view@appveen.com","basicDetails":{"name":"test_ds_role_view@appveen.com"},"roles":[],"accessControl":{"accessLevel":"None","apps":[]},"group":[],"botKeys":[],"_id":"test_ds_role_view@appveen.com","__v":0,"app":"TEST-API","name":"test_ds_role_view@appveen.com"},"groups":["GRP15085"]}
[2021-12-28T16:18:42.255] [INFO] [00-00-Users-DS-Create.json] - Create user test_ds_role_view@appveen.com :: PASS
[2021-12-28T16:18:43.291] [INFO] [00-00-Users-DS-Create.json] - Title: Create user test_ds_settings_view@appveen.com
[2021-12-28T16:18:43.291] [INFO] [00-00-Users-DS-Create.json] - Request METHOD :: POST
[2021-12-28T16:18:43.291] [INFO] [00-00-Users-DS-Create.json] - Request URL :: https://qa.ds.appveen.com/api/a/rbac/usr/app/TEST-API/create
[2021-12-28T16:18:43.292] [INFO] [00-00-Users-DS-Create.json] - Request HEADERS :: {"Authorization":"JWT eyJhbGciOiJIUzI1NiIsInR5cCI6IkpXVCJ9.eyJfaWQiOiJ0ZXN0X2FwcGFkbWluQGFwcHZlZW4uY29tIiwiZW5hYmxlU2Vzc2lvblJlZnJlc2giOmZhbHNlLCJib3QiOmZhbHNlLCJrZXlJZCI6bnVsbCwiaXNTdXBlckFkbWluIjp0cnVlLCJhcHBzIjpbbnVsbCwiVEVTVC1BUEkiLCJURVNULUFQSSIsIlRFU1QtQVBJIiwiVEVTVC1BUEkiLCJURVNULUFQSSIsIlRFU1QtQVBJIiwiVEVTVC1BUEkiLCJURVNULUFQSSIsIlRFU1QtQVBJIiwiVEVTVC1BUEkiLCJURVNULUFQSSIsIlRFU1QtQVBJIiwiVEVTVC1BUEkiLCJURVNULUFQSSIsIlRFU1QtQVBJIiwiVEVTVC1BUEkiXSwiaWF0IjoxNjQwNjg4NTYzLCJleHAiOjE2NDA2ODkxNjN9.GH075d4GyZamdhRTM3PA9Q2j_-J0ODQ8t8YWeKqgXi8"}
[2021-12-28T16:18:43.292] [INFO] [00-00-Users-DS-Create.json] - Request BODY :: {"user":{"username":"test_ds_settings_view@appveen.com","password":"Test@123","cpassword":"Test@123","isSuperAdmin":false,"basicDetails":{"name":"test_ds_settings_view@appveen.com"},"roles":null}}
[2021-12-28T16:18:43.513] [INFO] [00-00-Users-DS-Create.json] - Response STATUS :: 200
[2021-12-28T16:18:43.513] [INFO] [00-00-Users-DS-Create.json] - Response HEADER :: {"server":"nginx/1.14.0 (Ubuntu)","date":"Tue, 28 Dec 2021 10:49:42 GMT","content-type":"application/json; charset=utf-8","content-length":"584","connection":"close","cache-control":"no-cache","content-security-policy ":"default-src * data: 'unsafe-eval' 'unsafe-inline'","etag":"W/\"248-PIinyjLfq8tikbDSfGKHljzfvlc\"","host":"qa.ds.appveen.com","strict-transport-security":"max-age=31536000; includeSubDomains","txnid":"undefined","vary":"Accept-Encoding","x-content-type-option":"nosniff","x-frame-options":"*","x-powered-by":"data.stack/dev","x-xss-protection":"1; mode=block","access-control-allow-origin":"*","access-control-allow-methods":"*","access-control-allow-headers":"*"}
[2021-12-28T16:18:43.513] [INFO] [00-00-Users-DS-Create.json] - Response BODY :: {"user":{"_metadata":{"version":{"document":1,"release":"1.1.2"},"deleted":false,"lastUpdated":"2021-12-28T10:49:42.072Z","createdAt":"2021-12-28T10:49:42.065Z"},"isActive":true,"isSuperAdmin":false,"enableSessionRefresh":false,"auth":{"authType":"local"},"bot":false,"username":"test_ds_role_manage@appveen.com","basicDetails":{"name":"test_ds_role_manage@appveen.com"},"roles":[],"accessControl":{"accessLevel":"None","apps":[]},"group":[],"botKeys":[],"_id":"test_ds_role_manage@appveen.com","__v":0,"app":"TEST-API","name":"test_ds_role_manage@appveen.com"},"groups":["GRP15085"]}
[2021-12-28T16:18:43.513] [INFO] [00-00-Users-DS-Create.json] - Create user test_ds_role_manage@appveen.com :: PASS
[2021-12-28T16:18:45.298] [INFO] [00-00-Users-DS-Create.json] - Title: Create user test_ds_settings_manage@appveen.com
[2021-12-28T16:18:45.298] [INFO] [00-00-Users-DS-Create.json] - Request METHOD :: POST
[2021-12-28T16:18:45.298] [INFO] [00-00-Users-DS-Create.json] - Request URL :: https://qa.ds.appveen.com/api/a/rbac/usr/app/TEST-API/create
[2021-12-28T16:18:45.298] [INFO] [00-00-Users-DS-Create.json] - Request HEADERS :: {"Authorization":"JWT eyJhbGciOiJIUzI1NiIsInR5cCI6IkpXVCJ9.eyJfaWQiOiJ0ZXN0X2FwcGFkbWluQGFwcHZlZW4uY29tIiwiZW5hYmxlU2Vzc2lvblJlZnJlc2giOmZhbHNlLCJib3QiOmZhbHNlLCJrZXlJZCI6bnVsbCwiaXNTdXBlckFkbWluIjp0cnVlLCJhcHBzIjpbbnVsbCwiVEVTVC1BUEkiLCJURVNULUFQSSIsIlRFU1QtQVBJIiwiVEVTVC1BUEkiLCJURVNULUFQSSIsIlRFU1QtQVBJIiwiVEVTVC1BUEkiLCJURVNULUFQSSIsIlRFU1QtQVBJIiwiVEVTVC1BUEkiLCJURVNULUFQSSIsIlRFU1QtQVBJIiwiVEVTVC1BUEkiLCJURVNULUFQSSIsIlRFU1QtQVBJIiwiVEVTVC1BUEkiXSwiaWF0IjoxNjQwNjg4NTYzLCJleHAiOjE2NDA2ODkxNjN9.GH075d4GyZamdhRTM3PA9Q2j_-J0ODQ8t8YWeKqgXi8"}
[2021-12-28T16:18:45.299] [INFO] [00-00-Users-DS-Create.json] - Request BODY :: {"user":{"username":"test_ds_settings_manage@appveen.com","password":"Test@123","cpassword":"Test@123","isSuperAdmin":false,"basicDetails":{"name":"test_ds_settings_manage@appveen.com"},"roles":null}}
[2021-12-28T16:18:45.461] [INFO] [00-00-Users-DS-Create.json] - ERROR Response STATUS :: 400
[2021-12-28T16:18:45.461] [INFO] [00-00-Users-DS-Create.json] - ERROR Response HEADERS :: undefined
[2021-12-28T16:18:45.461] [INFO] [00-00-Users-DS-Create.json] - ERROR Response BODY :: undefined
[2021-12-28T16:18:45.461] [ERROR] [00-00-Users-DS-Create.json] - 400 - {"message":"No matching document found for id \"GRP15085\" version 1923 modifiedPaths \"users\""}
[2021-12-28T16:18:45.465] [INFO] [00-00-Users-DS-Create.json] - ERROR Response STATUS :: 400
[2021-12-28T16:18:45.465] [INFO] [00-00-Users-DS-Create.json] - ERROR Response HEADERS :: undefined
[2021-12-28T16:18:45.465] [INFO] [00-00-Users-DS-Create.json] - ERROR Response BODY :: undefined
[2021-12-28T16:18:45.465] [ERROR] [00-00-Users-DS-Create.json] - 400 - {"message":"No matching document found for id \"GRP15085\" version 1923 modifiedPaths \"users\""}
[2021-12-28T16:18:45.622] [INFO] [00-00-Users-DS-Create.json] - Response STATUS :: 200
[2021-12-28T16:18:45.622] [INFO] [00-00-Users-DS-Create.json] - Response HEADER :: {"server":"nginx/1.14.0 (Ubuntu)","date":"Tue, 28 Dec 2021 10:49:44 GMT","content-type":"application/json; charset=utf-8","content-length":"608","connection":"close","cache-control":"no-cache","content-security-policy ":"default-src * data: 'unsafe-eval' 'unsafe-inline'","etag":"W/\"260-Zksne7FOgxTfLmcqWlTjIGXz7eM\"","host":"qa.ds.appveen.com","strict-transport-security":"max-age=31536000; includeSubDomains","txnid":"undefined","vary":"Accept-Encoding","x-content-type-option":"nosniff","x-frame-options":"*","x-powered-by":"data.stack/dev","x-xss-protection":"1; mode=block","access-control-allow-origin":"*","access-control-allow-methods":"*","access-control-allow-headers":"*"}
[2021-12-28T16:18:45.622] [INFO] [00-00-Users-DS-Create.json] - Response BODY :: {"user":{"_metadata":{"version":{"document":1,"release":"1.1.2"},"deleted":false,"lastUpdated":"2021-12-28T10:49:36.520Z","createdAt":"2021-12-28T10:49:36.512Z"},"isActive":true,"isSuperAdmin":false,"enableSessionRefresh":false,"auth":{"authType":"local"},"bot":false,"username":"test_ds_experience_manage@appveen.com","basicDetails":{"name":"test_ds_experience_manage@appveen.com"},"roles":[],"accessControl":{"accessLevel":"None","apps":[]},"group":[],"botKeys":[],"_id":"test_ds_experience_manage@appveen.com","__v":0,"app":"TEST-API","name":"test_ds_experience_manage@appveen.com"},"groups":["GRP15085"]}
[2021-12-28T16:18:45.622] [INFO] [00-00-Users-DS-Create.json] - Create user test_ds_experience_manage@appveen.com :: PASS
[2021-12-28T16:18:45.622] [INFO] [00-00-Users-DS-Create.json] - ERROR Response STATUS :: 400
[2021-12-28T16:18:45.623] [INFO] [00-00-Users-DS-Create.json] - ERROR Response HEADERS :: undefined
[2021-12-28T16:18:45.623] [INFO] [00-00-Users-DS-Create.json] - ERROR Response BODY :: undefined
[2021-12-28T16:18:45.623] [ERROR] [00-00-Users-DS-Create.json] - 400 - {"message":"No matching document found for id \"GRP15085\" version 1923 modifiedPaths \"users\""}
[2021-12-28T16:18:45.623] [INFO] [00-00-Users-DS-Create.json] - ERROR Response STATUS :: 400
[2021-12-28T16:18:45.623] [INFO] [00-00-Users-DS-Create.json] - ERROR Response HEADERS :: undefined
[2021-12-28T16:18:45.623] [INFO] [00-00-Users-DS-Create.json] - ERROR Response BODY :: undefined
[2021-12-28T16:18:45.623] [ERROR] [00-00-Users-DS-Create.json] - 400 - {"message":"No matching document found for id \"GRP15085\" version 1923 modifiedPaths \"users\""}
[2021-12-28T16:18:47.304] [INFO] [00-00-Users-DS-Create.json] - Title: Create user test_ds_audit_view@appveen.com
[2021-12-28T16:18:47.304] [INFO] [00-00-Users-DS-Create.json] - Request METHOD :: POST
[2021-12-28T16:18:47.304] [INFO] [00-00-Users-DS-Create.json] - Request URL :: https://qa.ds.appveen.com/api/a/rbac/usr/app/TEST-API/create
[2021-12-28T16:18:47.304] [INFO] [00-00-Users-DS-Create.json] - Request HEADERS :: {"Authorization":"JWT eyJhbGciOiJIUzI1NiIsInR5cCI6IkpXVCJ9.eyJfaWQiOiJ0ZXN0X2FwcGFkbWluQGFwcHZlZW4uY29tIiwiZW5hYmxlU2Vzc2lvblJlZnJlc2giOmZhbHNlLCJib3QiOmZhbHNlLCJrZXlJZCI6bnVsbCwiaXNTdXBlckFkbWluIjp0cnVlLCJhcHBzIjpbbnVsbCwiVEVTVC1BUEkiLCJURVNULUFQSSIsIlRFU1QtQVBJIiwiVEVTVC1BUEkiLCJURVNULUFQSSIsIlRFU1QtQVBJIiwiVEVTVC1BUEkiLCJURVNULUFQSSIsIlRFU1QtQVBJIiwiVEVTVC1BUEkiLCJURVNULUFQSSIsIlRFU1QtQVBJIiwiVEVTVC1BUEkiLCJURVNULUFQSSIsIlRFU1QtQVBJIiwiVEVTVC1BUEkiXSwiaWF0IjoxNjQwNjg4NTYzLCJleHAiOjE2NDA2ODkxNjN9.GH075d4GyZamdhRTM3PA9Q2j_-J0ODQ8t8YWeKqgXi8"}
[2021-12-28T16:18:47.304] [INFO] [00-00-Users-DS-Create.json] - Request BODY :: {"user":{"username":"test_ds_audit_view@appveen.com","password":"Test@123","cpassword":"Test@123","isSuperAdmin":false,"basicDetails":{"name":"test_ds_audit_view@appveen.com"},"roles":null}}
[2021-12-28T16:18:49.699] [INFO] [00-00-Users-DS-Create.json] - ERROR Response STATUS :: 400
[2021-12-28T16:18:49.699] [INFO] [00-00-Users-DS-Create.json] - ERROR Response HEADERS :: undefined
[2021-12-28T16:18:49.699] [INFO] [00-00-Users-DS-Create.json] - ERROR Response BODY :: undefined
[2021-12-28T16:18:49.699] [ERROR] [00-00-Users-DS-Create.json] - 400 - {"message":"No matching document found for id \"GRP15085\" version 1926 modifiedPaths \"users\""}
[2021-12-28T16:18:49.702] [INFO] [00-00-Users-DS-Create.json] - Response STATUS :: 200
[2021-12-28T16:18:49.702] [INFO] [00-00-Users-DS-Create.json] - Response HEADER :: {"server":"nginx/1.14.0 (Ubuntu)","date":"Tue, 28 Dec 2021 10:49:48 GMT","content-type":"application/json; charset=utf-8","content-length":"592","connection":"close","cache-control":"no-cache","content-security-policy ":"default-src * data: 'unsafe-eval' 'unsafe-inline'","etag":"W/\"250-Esp6bV5ZkEv5/VpKrKT8k+CepPw\"","host":"qa.ds.appveen.com","strict-transport-security":"max-age=31536000; includeSubDomains","txnid":"undefined","vary":"Accept-Encoding","x-content-type-option":"nosniff","x-frame-options":"*","x-powered-by":"data.stack/dev","x-xss-protection":"1; mode=block","access-control-allow-origin":"*","access-control-allow-methods":"*","access-control-allow-headers":"*"}
[2021-12-28T16:18:49.702] [INFO] [00-00-Users-DS-Create.json] - Response BODY :: {"user":{"_metadata":{"version":{"document":1,"release":"1.1.2"},"deleted":false,"lastUpdated":"2021-12-28T10:49:44.686Z","createdAt":"2021-12-28T10:49:44.670Z"},"isActive":true,"isSuperAdmin":false,"enableSessionRefresh":false,"auth":{"authType":"local"},"bot":false,"username":"test_ds_settings_view@appveen.com","basicDetails":{"name":"test_ds_settings_view@appveen.com"},"roles":[],"accessControl":{"accessLevel":"None","apps":[]},"group":[],"botKeys":[],"_id":"test_ds_settings_view@appveen.com","__v":0,"app":"TEST-API","name":"test_ds_settings_view@appveen.com"},"groups":["GRP15085"]}
[2021-12-28T16:18:49.703] [INFO] [00-00-Users-DS-Create.json] - Create user test_ds_settings_view@appveen.com :: PASS
[2021-12-28T16:18:49.725] [INFO] [00-00-Users-DS-Create.json] - Response STATUS :: 200
[2021-12-28T16:18:49.725] [INFO] [00-00-Users-DS-Create.json] - Response HEADER :: {"server":"nginx/1.14.0 (Ubuntu)","date":"Tue, 28 Dec 2021 10:49:48 GMT","content-type":"application/json; charset=utf-8","content-length":"580","connection":"close","cache-control":"no-cache","content-security-policy ":"default-src * data: 'unsafe-eval' 'unsafe-inline'","etag":"W/\"244-doHP0NDyK+OWzPDNKJyWXMcVPFU\"","host":"qa.ds.appveen.com","strict-transport-security":"max-age=31536000; includeSubDomains","txnid":"undefined","vary":"Accept-Encoding","x-content-type-option":"nosniff","x-frame-options":"*","x-powered-by":"data.stack/dev","x-xss-protection":"1; mode=block","access-control-allow-origin":"*","access-control-allow-methods":"*","access-control-allow-headers":"*"}
[2021-12-28T16:18:49.725] [INFO] [00-00-Users-DS-Create.json] - Response BODY :: {"user":{"_metadata":{"version":{"document":1,"release":"1.1.2"},"deleted":false,"lastUpdated":"2021-12-28T10:49:48.860Z","createdAt":"2021-12-28T10:49:47.904Z"},"isActive":true,"isSuperAdmin":false,"enableSessionRefresh":false,"auth":{"authType":"local"},"bot":false,"username":"test_ds_audit_view@appveen.com","basicDetails":{"name":"test_ds_audit_view@appveen.com"},"roles":[],"accessControl":{"accessLevel":"None","apps":[]},"group":[],"botKeys":[],"_id":"test_ds_audit_view@appveen.com","__v":0,"app":"TEST-API","name":"test_ds_audit_view@appveen.com"},"groups":["GRP15085"]}
[2021-12-28T16:18:49.725] [INFO] [00-00-Users-DS-Create.json] - Create user test_ds_audit_view@appveen.com :: PASS
