[2021-12-23T15:03:28.671] [INFO] [00-00-Create-Users-App-Admin.json] - dataFile :: data\00-00-Create-Users-App-Admin.json
[2021-12-23T15:03:28.782] [INFO] [00-00-Create-Users-App-Admin.json] - Title: Login as superAdmin
[2021-12-23T15:03:28.783] [INFO] [00-00-Create-Users-App-Admin.json] - Request METHOD :: POST
[2021-12-23T15:03:28.783] [INFO] [00-00-Create-Users-App-Admin.json] - Request URL :: https://qa.ds.appveen.com/api/a/rbac/login
[2021-12-23T15:03:28.783] [INFO] [00-00-Create-Users-App-Admin.json] - Request HEADERS :: {}
[2021-12-23T15:03:28.783] [INFO] [00-00-Create-Users-App-Admin.json] - Request BODY :: {"username":"admin","password":"u?5k167v13w5"}
[2021-12-23T15:03:29.054] [INFO] [00-00-Create-Users-App-Admin.json] - Response STATUS :: 200
[2021-12-23T15:03:29.054] [INFO] [00-00-Create-Users-App-Admin.json] - Response HEADER :: {"server":"nginx/1.14.0 (Ubuntu)","date":"Thu, 23 Dec 2021 09:34:24 GMT","content-type":"application/json; charset=utf-8","content-length":"1855","connection":"close","cache-control":"no-cache","content-security-policy ":"default-src * data: 'unsafe-eval' 'unsafe-inline'","etag":"W/\"73f-LRViQ8J9SiS3umpB8l9G4rWZuEM\"","host":"qa.ds.appveen.com","set-cookie":["Authorization=JWT%20eyJhbGciOiJIUzI1NiIsInR5cCI6IkpXVCJ9.eyJfaWQiOiJhZG1pbiIsImVuYWJsZVNlc3Npb25SZWZyZXNoIjp0cnVlLCJzZXNzaW9uVGltZSI6MzAsImJvdCI6ZmFsc2UsImtleUlkIjpudWxsLCJpc1N1cGVyQWRtaW4iOnRydWUsImFwcHMiOltdLCJpYXQiOjE2NDAyNTIwNjQsImV4cCI6MTY0MDI1MjY2NH0.KXM52DBxudoNE5faSk57ilS-r1s6xbAsUCN--DQ3cXQ; Domain=qa.ds.appveen.com; Path=/api/; Expires=Thu, 23 Dec 2021 09:44:24 GMT; HttpOnly; Secure; SameSite=Strict"],"strict-transport-security":"max-age=31536000; includeSubDomains","txnid":"undefined","vary":"Accept-Encoding","x-content-type-option":"nosniff","x-frame-options":"*","x-powered-by":"data.stack/dev","x-xss-protection":"1; mode=block","access-control-allow-origin":"*","access-control-allow-methods":"*","access-control-allow-headers":"*"}
[2021-12-23T15:03:29.054] [INFO] [00-00-Create-Users-App-Admin.json] - Response BODY :: {"basicDetails":{"name":"John Doe","alternateEmail":"info@appveen.com","phone":"1234567890"},"isSuperAdmin":true,"enableSessionRefresh":true,"auth":{"authType":"local"},"bot":false,"_id":"admin","username":"admin","sessionTime":30,"accessControl":{"accessLevel":"All","apps":null},"description":"Super admin user for appveen ODP","group":[],"lastLogin":"2021-12-23T08:24:23.731Z","token":"eyJhbGciOiJIUzI1NiIsInR5cCI6IkpXVCJ9.eyJfaWQiOiJhZG1pbiIsImVuYWJsZVNlc3Npb25SZWZyZXNoIjp0cnVlLCJzZXNzaW9uVGltZSI6MzAsImJvdCI6ZmFsc2UsImtleUlkIjpudWxsLCJpc1N1cGVyQWRtaW4iOnRydWUsImFwcHMiOltdLCJpYXQiOjE2NDAyNTIwNjQsImV4cCI6MTY0MDI1MjY2NH0.KXM52DBxudoNE5faSk57ilS-r1s6xbAsUCN--DQ3cXQ","rToken":"eyJhbGciOiJIUzI1NiIsInR5cCI6IkpXVCJ9.eyJfaWQiOiJhZG1pbiIsImVuYWJsZVNlc3Npb25SZWZyZXNoIjp0cnVlLCJzZXNzaW9uVGltZSI6MzAsImJvdCI6ZmFsc2UsImtleUlkIjpudWxsLCJpc1N1cGVyQWRtaW4iOnRydWUsImFwcHMiOltdLCJpYXQiOjE2NDAyNTIwNjQsImV4cCI6MTY0MDI1MjY2NH0.cfsb3mQDfXzApMNFTZXucQLfYRk4qPdC0sp3JBwQtsM","serverTime":1640252064603,"expiresIn":1640252664603,"rbacUserTokenDuration":600,"rbacUserTokenRefresh":true,"rbacUserToSingleSession":false,"rbacUserCloseWindowToLogout":false,"rbacBotTokenDuration":60,"rbacHbInterval":60,"rbacPasswordLength":8,"rbacPasswordComplexity":false,"privateFilter":true,"googleApiKey":"AIzaSyCSthjVH89eA8LyCYoJzRePw5Km3CE6qO8","b2BAgentMaxFileSize":"400M","b2BFlowRejectZoneAction":"queue","b2BFlowMaxConcurrentFiles":0,"b2BEnableTimebound":false,"b2BEnableTrustedIp":false,"b2BEnable":true,"experimentalFeatures":true,"fqdn":"qa.ds.appveen.com","enableSearchIndex":false,"verifyDeploymentUser":false,"defaultTimezone":"Zulu","allowedFileExt":["jpeg","ppt","xls","csv","doc","jpg","png","gif","zip","tar","rar","gz","bz2","7z","mp4","mp3","pdf","ico","docx","pptx","xlsx","ods","xml","txt"],"transactionsEnabled":true,"uuid":"5d875bb9-d97d-44df-951b-156bd714a330"}
[2021-12-23T15:03:29.056] [INFO] [00-00-Create-Users-App-Admin.json] - Login as superAdmin :: PASS
[2021-12-23T15:03:29.062] [INFO] [00-00-Create-Users-App-Admin.json] - Title: Create a superAdmin
[2021-12-23T15:03:29.062] [INFO] [00-00-Create-Users-App-Admin.json] - Request METHOD :: POST
[2021-12-23T15:03:29.062] [INFO] [00-00-Create-Users-App-Admin.json] - Request URL :: https://qa.ds.appveen.com/api/a/rbac/usr
[2021-12-23T15:03:29.063] [INFO] [00-00-Create-Users-App-Admin.json] - Request HEADERS :: {"Authorization":"JWT eyJhbGciOiJIUzI1NiIsInR5cCI6IkpXVCJ9.eyJfaWQiOiJhZG1pbiIsImVuYWJsZVNlc3Npb25SZWZyZXNoIjp0cnVlLCJzZXNzaW9uVGltZSI6MzAsImJvdCI6ZmFsc2UsImtleUlkIjpudWxsLCJpc1N1cGVyQWRtaW4iOnRydWUsImFwcHMiOltdLCJpYXQiOjE2NDAyNTIwNjQsImV4cCI6MTY0MDI1MjY2NH0.KXM52DBxudoNE5faSk57ilS-r1s6xbAsUCN--DQ3cXQ","content-type":"application/json"}
[2021-12-23T15:03:29.063] [INFO] [00-00-Create-Users-App-Admin.json] - Request BODY :: {"username":"test_superadmin@appveen.com","password":"123123123","cpassword":"123123123","isSuperAdmin":true,"attributes":{},"basicDetails":{"name":"test_superadmin@appveen.com","phone":null},"accessControl":{"accessLevel":"Selected","apps":[]},"roles":null}
[2021-12-23T15:03:29.148] [INFO] [00-00-Create-Users-App-Admin.json] - ERROR Response STATUS :: 500
[2021-12-23T15:03:29.148] [INFO] [00-00-Create-Users-App-Admin.json] - ERROR Response HEADERS :: undefined
[2021-12-23T15:03:29.148] [INFO] [00-00-Create-Users-App-Admin.json] - ERROR Response BODY :: undefined
[2021-12-23T15:03:29.148] [ERROR] [00-00-Create-Users-App-Admin.json] - 500 - {"message":"Request validation failed: Parameter (data) failed schema validation"}
[2021-12-23T15:03:31.070] [INFO] [00-00-Create-Users-App-Admin.json] - Title: Create an app
[2021-12-23T15:03:31.070] [INFO] [00-00-Create-Users-App-Admin.json] - Request METHOD :: POST
[2021-12-23T15:03:31.070] [INFO] [00-00-Create-Users-App-Admin.json] - Request URL :: https://qa.ds.appveen.com/api/a/rbac/app
[2021-12-23T15:03:31.070] [INFO] [00-00-Create-Users-App-Admin.json] - Request HEADERS :: {"Authorization":"JWT eyJhbGciOiJIUzI1NiIsInR5cCI6IkpXVCJ9.eyJfaWQiOiJhZG1pbiIsImVuYWJsZVNlc3Npb25SZWZyZXNoIjp0cnVlLCJzZXNzaW9uVGltZSI6MzAsImJvdCI6ZmFsc2UsImtleUlkIjpudWxsLCJpc1N1cGVyQWRtaW4iOnRydWUsImFwcHMiOltdLCJpYXQiOjE2NDAyNTIwNjQsImV4cCI6MTY0MDI1MjY2NH0.KXM52DBxudoNE5faSk57ilS-r1s6xbAsUCN--DQ3cXQ","content-type":"application/json"}
[2021-12-23T15:03:31.070] [INFO] [00-00-Create-Users-App-Admin.json] - Request BODY :: {"_id":"TEST-API"}
[2021-12-23T15:03:31.134] [INFO] [00-00-Create-Users-App-Admin.json] - ERROR Response STATUS :: 400
[2021-12-23T15:03:31.134] [INFO] [00-00-Create-Users-App-Admin.json] - ERROR Response HEADERS :: undefined
[2021-12-23T15:03:31.134] [INFO] [00-00-Create-Users-App-Admin.json] - ERROR Response BODY :: undefined
[2021-12-23T15:03:31.134] [ERROR] [00-00-Create-Users-App-Admin.json] - 400 - {"message":"App name already in use"}
[2021-12-23T15:03:33.076] [INFO] [00-00-Create-Users-App-Admin.json] - Title: Create a user
[2021-12-23T15:03:33.076] [INFO] [00-00-Create-Users-App-Admin.json] - Request METHOD :: POST
[2021-12-23T15:03:33.076] [INFO] [00-00-Create-Users-App-Admin.json] - Request URL :: https://qa.ds.appveen.com/api/a/rbac/usr/app/TEST-API/create
[2021-12-23T15:03:33.076] [INFO] [00-00-Create-Users-App-Admin.json] - Request HEADERS :: {"Authorization":"JWT eyJhbGciOiJIUzI1NiIsInR5cCI6IkpXVCJ9.eyJfaWQiOiJhZG1pbiIsImVuYWJsZVNlc3Npb25SZWZyZXNoIjp0cnVlLCJzZXNzaW9uVGltZSI6MzAsImJvdCI6ZmFsc2UsImtleUlkIjpudWxsLCJpc1N1cGVyQWRtaW4iOnRydWUsImFwcHMiOltdLCJpYXQiOjE2NDAyNTIwNjQsImV4cCI6MTY0MDI1MjY2NH0.KXM52DBxudoNE5faSk57ilS-r1s6xbAsUCN--DQ3cXQ","content-type":"application/json"}
[2021-12-23T15:03:33.076] [INFO] [00-00-Create-Users-App-Admin.json] - Request BODY :: {"user":{"username":"test_appadmin@appveen.com","password":"123123123","cpassword":"123123123","isSuperAdmin":false,"attributes":{},"basicDetails":{"name":"test_appadmin@appveen.com","phone":null},"accessControl":{"accessLevel":"Selected","apps":["TEST-API"]},"roles":null},"groups":[]}
[2021-12-23T15:03:33.134] [INFO] [00-00-Create-Users-App-Admin.json] - ERROR Response STATUS :: 400
[2021-12-23T15:03:33.134] [INFO] [00-00-Create-Users-App-Admin.json] - ERROR Response HEADERS :: undefined
[2021-12-23T15:03:33.134] [INFO] [00-00-Create-Users-App-Admin.json] - ERROR Response BODY :: undefined
[2021-12-23T15:03:33.134] [ERROR] [00-00-Create-Users-App-Admin.json] - 400 - {"message":"Username already in use."}
[2021-12-23T15:03:35.083] [INFO] [00-00-Create-Users-App-Admin.json] - Title: Make user app admin
[2021-12-23T15:03:35.083] [INFO] [00-00-Create-Users-App-Admin.json] - Request METHOD :: PUT
[2021-12-23T15:03:35.083] [INFO] [00-00-Create-Users-App-Admin.json] - Request URL :: https://qa.ds.appveen.com/api/a/rbac/usr/test_appadmin@appveen.com/appAdmin/grant
[2021-12-23T15:03:35.083] [INFO] [00-00-Create-Users-App-Admin.json] - Request HEADERS :: {"Authorization":"JWT eyJhbGciOiJIUzI1NiIsInR5cCI6IkpXVCJ9.eyJfaWQiOiJhZG1pbiIsImVuYWJsZVNlc3Npb25SZWZyZXNoIjp0cnVlLCJzZXNzaW9uVGltZSI6MzAsImJvdCI6ZmFsc2UsImtleUlkIjpudWxsLCJpc1N1cGVyQWRtaW4iOnRydWUsImFwcHMiOltdLCJpYXQiOjE2NDAyNTIwNjQsImV4cCI6MTY0MDI1MjY2NH0.KXM52DBxudoNE5faSk57ilS-r1s6xbAsUCN--DQ3cXQ","content-type":"application/json"}
[2021-12-23T15:03:35.083] [INFO] [00-00-Create-Users-App-Admin.json] - Request BODY :: {"apps":["TEST-API"]}
[2021-12-23T15:03:35.166] [INFO] [00-00-Create-Users-App-Admin.json] - Response STATUS :: 200
[2021-12-23T15:03:35.166] [INFO] [00-00-Create-Users-App-Admin.json] - Response HEADER :: {"server":"nginx/1.14.0 (Ubuntu)","date":"Thu, 23 Dec 2021 09:34:30 GMT","content-type":"application/json; charset=utf-8","content-length":"38","connection":"close","cache-control":"no-cache","content-security-policy ":"default-src * data: 'unsafe-eval' 'unsafe-inline'","etag":"W/\"26-YyPzOQiNfxNOSg8jfSNa/Nff1Ik\"","host":"qa.ds.appveen.com","strict-transport-security":"max-age=31536000; includeSubDomains","txnid":"undefined","vary":"Accept-Encoding","x-content-type-option":"nosniff","x-frame-options":"*","x-powered-by":"data.stack/dev","x-xss-protection":"1; mode=block","access-control-allow-origin":"*","access-control-allow-methods":"*","access-control-allow-headers":"*"}
[2021-12-23T15:03:35.166] [INFO] [00-00-Create-Users-App-Admin.json] - Response BODY :: {"message":"App Admin access:: grant"}
[2021-12-23T15:03:35.167] [INFO] [00-00-Create-Users-App-Admin.json] - Make user app admin :: PASS
