[2021-12-27T10:11:22.511] [INFO] [00-00-Create-Users-App-Admin.json] - dataFile :: data\00-00-Create-Users-App-Admin.json
[2021-12-27T10:11:23.019] [INFO] [00-00-Create-Users-App-Admin.json] - Title: Login as superAdmin
[2021-12-27T10:11:23.020] [INFO] [00-00-Create-Users-App-Admin.json] - Request METHOD :: POST
[2021-12-27T10:11:23.020] [INFO] [00-00-Create-Users-App-Admin.json] - Request URL :: https://qa.ds.appveen.com/api/a/rbac/login
[2021-12-27T10:11:23.020] [INFO] [00-00-Create-Users-App-Admin.json] - Request HEADERS :: {}
[2021-12-27T10:11:23.021] [INFO] [00-00-Create-Users-App-Admin.json] - Request BODY :: {"username":"admin","password":"u?5k167v13w5"}
[2021-12-27T10:11:23.417] [INFO] [00-00-Create-Users-App-Admin.json] - Response STATUS :: 200
[2021-12-27T10:11:23.417] [INFO] [00-00-Create-Users-App-Admin.json] - Response HEADER :: {"server":"nginx/1.14.0 (Ubuntu)","date":"Mon, 27 Dec 2021 04:42:21 GMT","content-type":"application/json; charset=utf-8","content-length":"1855","connection":"close","cache-control":"no-cache","content-security-policy ":"default-src * data: 'unsafe-eval' 'unsafe-inline'","etag":"W/\"73f-gElpWTnL5fWMyXntH+uov7Ohmqo\"","host":"qa.ds.appveen.com","set-cookie":["Authorization=JWT%20eyJhbGciOiJIUzI1NiIsInR5cCI6IkpXVCJ9.eyJfaWQiOiJhZG1pbiIsImVuYWJsZVNlc3Npb25SZWZyZXNoIjp0cnVlLCJzZXNzaW9uVGltZSI6MzAsImJvdCI6ZmFsc2UsImtleUlkIjpudWxsLCJpc1N1cGVyQWRtaW4iOnRydWUsImFwcHMiOltdLCJpYXQiOjE2NDA1ODAxNDEsImV4cCI6MTY0MDU4MDc0MX0.zmHJCpEyz6Tup2L2rW_zdrx2aOhPd84IxBMUwyxQbQ0; Domain=qa.ds.appveen.com; Path=/api/; Expires=Mon, 27 Dec 2021 04:52:21 GMT; HttpOnly; Secure; SameSite=Strict"],"strict-transport-security":"max-age=31536000; includeSubDomains","txnid":"undefined","vary":"Accept-Encoding","x-content-type-option":"nosniff","x-frame-options":"*","x-powered-by":"data.stack/dev","x-xss-protection":"1; mode=block","access-control-allow-origin":"*","access-control-allow-methods":"*","access-control-allow-headers":"*"}
[2021-12-27T10:11:23.417] [INFO] [00-00-Create-Users-App-Admin.json] - Response BODY :: {"basicDetails":{"name":"John Doe","alternateEmail":"info@appveen.com","phone":"1234567890"},"isSuperAdmin":true,"enableSessionRefresh":true,"auth":{"authType":"local"},"bot":false,"_id":"admin","username":"admin","sessionTime":30,"accessControl":{"accessLevel":"All","apps":null},"description":"Super admin user for appveen ODP","group":[],"lastLogin":"2021-12-27T04:30:13.101Z","token":"eyJhbGciOiJIUzI1NiIsInR5cCI6IkpXVCJ9.eyJfaWQiOiJhZG1pbiIsImVuYWJsZVNlc3Npb25SZWZyZXNoIjp0cnVlLCJzZXNzaW9uVGltZSI6MzAsImJvdCI6ZmFsc2UsImtleUlkIjpudWxsLCJpc1N1cGVyQWRtaW4iOnRydWUsImFwcHMiOltdLCJpYXQiOjE2NDA1ODAxNDEsImV4cCI6MTY0MDU4MDc0MX0.zmHJCpEyz6Tup2L2rW_zdrx2aOhPd84IxBMUwyxQbQ0","rToken":"eyJhbGciOiJIUzI1NiIsInR5cCI6IkpXVCJ9.eyJfaWQiOiJhZG1pbiIsImVuYWJsZVNlc3Npb25SZWZyZXNoIjp0cnVlLCJzZXNzaW9uVGltZSI6MzAsImJvdCI6ZmFsc2UsImtleUlkIjpudWxsLCJpc1N1cGVyQWRtaW4iOnRydWUsImFwcHMiOltdLCJpYXQiOjE2NDA1ODAxNDEsImV4cCI6MTY0MDU4MDc0MX0.4bALFkIEp9Vud6XvmEqT1jr4cpLzGyURDlU8OCJ_-jw","serverTime":1640580141108,"expiresIn":1640580741108,"rbacUserTokenDuration":600,"rbacUserTokenRefresh":true,"rbacUserToSingleSession":false,"rbacUserCloseWindowToLogout":false,"rbacBotTokenDuration":60,"rbacHbInterval":60,"rbacPasswordLength":8,"rbacPasswordComplexity":false,"privateFilter":true,"googleApiKey":"AIzaSyCSthjVH89eA8LyCYoJzRePw5Km3CE6qO8","b2BAgentMaxFileSize":"400M","b2BFlowRejectZoneAction":"queue","b2BFlowMaxConcurrentFiles":0,"b2BEnableTimebound":false,"b2BEnableTrustedIp":false,"b2BEnable":true,"experimentalFeatures":true,"fqdn":"qa.ds.appveen.com","enableSearchIndex":false,"verifyDeploymentUser":false,"defaultTimezone":"Zulu","allowedFileExt":["jpeg","ppt","xls","csv","doc","jpg","png","gif","zip","tar","rar","gz","bz2","7z","mp4","mp3","pdf","ico","docx","pptx","xlsx","ods","xml","txt"],"transactionsEnabled":true,"uuid":"92f7b173-99f8-4bd2-a870-c2d960661e77"}
[2021-12-27T10:11:23.420] [INFO] [00-00-Create-Users-App-Admin.json] - Login as superAdmin :: PASS
[2021-12-27T10:11:23.427] [INFO] [00-00-Create-Users-App-Admin.json] - Title: Create a superAdmin
[2021-12-27T10:11:23.427] [INFO] [00-00-Create-Users-App-Admin.json] - Request METHOD :: POST
[2021-12-27T10:11:23.427] [INFO] [00-00-Create-Users-App-Admin.json] - Request URL :: https://qa.ds.appveen.com/api/a/rbac/usr
[2021-12-27T10:11:23.427] [INFO] [00-00-Create-Users-App-Admin.json] - Request HEADERS :: {"Authorization":"JWT eyJhbGciOiJIUzI1NiIsInR5cCI6IkpXVCJ9.eyJfaWQiOiJhZG1pbiIsImVuYWJsZVNlc3Npb25SZWZyZXNoIjp0cnVlLCJzZXNzaW9uVGltZSI6MzAsImJvdCI6ZmFsc2UsImtleUlkIjpudWxsLCJpc1N1cGVyQWRtaW4iOnRydWUsImFwcHMiOltdLCJpYXQiOjE2NDA1ODAxNDEsImV4cCI6MTY0MDU4MDc0MX0.zmHJCpEyz6Tup2L2rW_zdrx2aOhPd84IxBMUwyxQbQ0","content-type":"application/json"}
[2021-12-27T10:11:23.427] [INFO] [00-00-Create-Users-App-Admin.json] - Request BODY :: {"username":"test_superadmin@appveen.com","password":"123123123","cpassword":"123123123","isSuperAdmin":true,"attributes":{},"basicDetails":{"name":"test_superadmin@appveen.com","phone":null},"accessControl":{"accessLevel":"Selected","apps":[]},"roles":null}
[2021-12-27T10:11:23.480] [INFO] [00-00-Create-Users-App-Admin.json] - ERROR Response STATUS :: 500
[2021-12-27T10:11:23.480] [INFO] [00-00-Create-Users-App-Admin.json] - ERROR Response HEADERS :: undefined
[2021-12-27T10:11:23.480] [INFO] [00-00-Create-Users-App-Admin.json] - ERROR Response BODY :: undefined
[2021-12-27T10:11:23.480] [ERROR] [00-00-Create-Users-App-Admin.json] - 500 - {"message":"Request validation failed: Parameter (data) failed schema validation"}
[2021-12-27T10:11:25.430] [INFO] [00-00-Create-Users-App-Admin.json] - Title: Create an app
[2021-12-27T10:11:25.431] [INFO] [00-00-Create-Users-App-Admin.json] - Request METHOD :: POST
[2021-12-27T10:11:25.431] [INFO] [00-00-Create-Users-App-Admin.json] - Request URL :: https://qa.ds.appveen.com/api/a/rbac/app
[2021-12-27T10:11:25.431] [INFO] [00-00-Create-Users-App-Admin.json] - Request HEADERS :: {"Authorization":"JWT eyJhbGciOiJIUzI1NiIsInR5cCI6IkpXVCJ9.eyJfaWQiOiJhZG1pbiIsImVuYWJsZVNlc3Npb25SZWZyZXNoIjp0cnVlLCJzZXNzaW9uVGltZSI6MzAsImJvdCI6ZmFsc2UsImtleUlkIjpudWxsLCJpc1N1cGVyQWRtaW4iOnRydWUsImFwcHMiOltdLCJpYXQiOjE2NDA1ODAxNDEsImV4cCI6MTY0MDU4MDc0MX0.zmHJCpEyz6Tup2L2rW_zdrx2aOhPd84IxBMUwyxQbQ0","content-type":"application/json"}
[2021-12-27T10:11:25.431] [INFO] [00-00-Create-Users-App-Admin.json] - Request BODY :: {"_id":"TEST-API"}
[2021-12-27T10:11:25.477] [INFO] [00-00-Create-Users-App-Admin.json] - ERROR Response STATUS :: 400
[2021-12-27T10:11:25.477] [INFO] [00-00-Create-Users-App-Admin.json] - ERROR Response HEADERS :: undefined
[2021-12-27T10:11:25.478] [INFO] [00-00-Create-Users-App-Admin.json] - ERROR Response BODY :: undefined
[2021-12-27T10:11:25.478] [ERROR] [00-00-Create-Users-App-Admin.json] - 400 - {"message":"App name already in use"}
[2021-12-27T10:11:27.433] [INFO] [00-00-Create-Users-App-Admin.json] - Title: Create a user
[2021-12-27T10:11:27.433] [INFO] [00-00-Create-Users-App-Admin.json] - Request METHOD :: POST
[2021-12-27T10:11:27.433] [INFO] [00-00-Create-Users-App-Admin.json] - Request URL :: https://qa.ds.appveen.com/api/a/rbac/usr/app/TEST-API/create
[2021-12-27T10:11:27.433] [INFO] [00-00-Create-Users-App-Admin.json] - Request HEADERS :: {"Authorization":"JWT eyJhbGciOiJIUzI1NiIsInR5cCI6IkpXVCJ9.eyJfaWQiOiJhZG1pbiIsImVuYWJsZVNlc3Npb25SZWZyZXNoIjp0cnVlLCJzZXNzaW9uVGltZSI6MzAsImJvdCI6ZmFsc2UsImtleUlkIjpudWxsLCJpc1N1cGVyQWRtaW4iOnRydWUsImFwcHMiOltdLCJpYXQiOjE2NDA1ODAxNDEsImV4cCI6MTY0MDU4MDc0MX0.zmHJCpEyz6Tup2L2rW_zdrx2aOhPd84IxBMUwyxQbQ0","content-type":"application/json"}
[2021-12-27T10:11:27.433] [INFO] [00-00-Create-Users-App-Admin.json] - Request BODY :: {"user":{"username":"test_appadmin@appveen.com","password":"123123123","cpassword":"123123123","isSuperAdmin":false,"attributes":{},"basicDetails":{"name":"test_appadmin@appveen.com","phone":null},"accessControl":{"accessLevel":"Selected","apps":["TEST-API"]},"roles":null},"groups":[]}
[2021-12-27T10:11:27.513] [INFO] [00-00-Create-Users-App-Admin.json] - ERROR Response STATUS :: 400
[2021-12-27T10:11:27.513] [INFO] [00-00-Create-Users-App-Admin.json] - ERROR Response HEADERS :: undefined
[2021-12-27T10:11:27.513] [INFO] [00-00-Create-Users-App-Admin.json] - ERROR Response BODY :: undefined
[2021-12-27T10:11:27.513] [ERROR] [00-00-Create-Users-App-Admin.json] - 400 - {"message":"Username already in use."}
[2021-12-27T10:11:29.442] [INFO] [00-00-Create-Users-App-Admin.json] - Title: Make user app admin
[2021-12-27T10:11:29.442] [INFO] [00-00-Create-Users-App-Admin.json] - Request METHOD :: PUT
[2021-12-27T10:11:29.442] [INFO] [00-00-Create-Users-App-Admin.json] - Request URL :: https://qa.ds.appveen.com/api/a/rbac/usr/test_appadmin@appveen.com/appAdmin/grant
[2021-12-27T10:11:29.442] [INFO] [00-00-Create-Users-App-Admin.json] - Request HEADERS :: {"Authorization":"JWT eyJhbGciOiJIUzI1NiIsInR5cCI6IkpXVCJ9.eyJfaWQiOiJhZG1pbiIsImVuYWJsZVNlc3Npb25SZWZyZXNoIjp0cnVlLCJzZXNzaW9uVGltZSI6MzAsImJvdCI6ZmFsc2UsImtleUlkIjpudWxsLCJpc1N1cGVyQWRtaW4iOnRydWUsImFwcHMiOltdLCJpYXQiOjE2NDA1ODAxNDEsImV4cCI6MTY0MDU4MDc0MX0.zmHJCpEyz6Tup2L2rW_zdrx2aOhPd84IxBMUwyxQbQ0","content-type":"application/json"}
[2021-12-27T10:11:29.442] [INFO] [00-00-Create-Users-App-Admin.json] - Request BODY :: {"apps":["TEST-API"]}
[2021-12-27T10:11:29.505] [INFO] [00-00-Create-Users-App-Admin.json] - Response STATUS :: 200
[2021-12-27T10:11:29.505] [INFO] [00-00-Create-Users-App-Admin.json] - Response HEADER :: {"server":"nginx/1.14.0 (Ubuntu)","date":"Mon, 27 Dec 2021 04:42:27 GMT","content-type":"application/json; charset=utf-8","content-length":"38","connection":"close","cache-control":"no-cache","content-security-policy ":"default-src * data: 'unsafe-eval' 'unsafe-inline'","etag":"W/\"26-YyPzOQiNfxNOSg8jfSNa/Nff1Ik\"","host":"qa.ds.appveen.com","strict-transport-security":"max-age=31536000; includeSubDomains","txnid":"undefined","vary":"Accept-Encoding","x-content-type-option":"nosniff","x-frame-options":"*","x-powered-by":"data.stack/dev","x-xss-protection":"1; mode=block","access-control-allow-origin":"*","access-control-allow-methods":"*","access-control-allow-headers":"*"}
[2021-12-27T10:11:29.505] [INFO] [00-00-Create-Users-App-Admin.json] - Response BODY :: {"message":"App Admin access:: grant"}
[2021-12-27T10:11:29.506] [INFO] [00-00-Create-Users-App-Admin.json] - Make user app admin :: PASS
